true
true
true
 try connect onlywoodnoreply@gmail.com
connected onlywoodnoreply@gmail.com
 try connect n0st4lg1af0r1nf1n1ty@gmail.com
connected n0st4lg1af0r1nf1n1ty@gmail.com
 try connect onlywoodnoreply@gmail.com
connected onlywoodnoreply@gmail.com
true
 try connect n0st4lg1af0r1nf1n1ty@gmail.com
connected n0st4lg1af0r1nf1n1ty@gmail.com
 try connect onlywoodnoreply@gmail.com
connected onlywoodnoreply@gmail.com
 try connect n0st4lg1af0r1nf1n1ty@gmail.com
connected n0st4lg1af0r1nf1n1ty@gmail.com
 try connect onlywoodnoreply@gmail.com
connected onlywoodnoreply@gmail.com
 try connect n0st4lg1af0r1nf1n1ty@gmail.com
connected n0st4lg1af0r1nf1n1ty@gmail.com
 try connect onlywoodnoreply@gmail.com
connected onlywoodnoreply@gmail.com
 try connect n0st4lg1af0r1nf1n1ty@gmail.com
connected n0st4lg1af0r1nf1n1ty@gmail.com
 try connect onlywoodnoreply@gmail.com
connected onlywoodnoreply@gmail.com
 try connect n0st4lg1af0r1nf1n1ty@gmail.com
connected n0st4lg1af0r1nf1n1ty@gmail.com
 try connect onlywoodnoreply@gmail.com
connected onlywoodnoreply@gmail.com
 try connect n0st4lg1af0r1nf1n1ty@gmail.com
connected n0st4lg1af0r1nf1n1ty@gmail.com
 try connect onlywoodnoreply@gmail.com
connected onlywoodnoreply@gmail.com
 try connect n0st4lg1af0r1nf1n1ty@gmail.com
connected n0st4lg1af0r1nf1n1ty@gmail.com
